<?xml version="1.0" encoding="UTF-8"?>
<!-- Generated by org.testng.reporters.JUnitXMLReporter -->
<testsuite hostname="LAPTOP-U1422VR9" name="Default test" tests="7" failures="0" timestamp="29 Nov 2023 06:34:02 GMT" time="0.065" errors="0">
  <testcase name="test1" time="0.014" classname="com.test.Grouping"/>
  <testcase name="test2" time="0.002" classname="com.test.Grouping"/>
  <testcase name="test3" time="0.001" classname="com.test.Grouping"/>
  <testcase name="test4" time="0.002" classname="com.test.Grouping"/>
  <testcase name="test5" time="0.001" classname="com.test.Grouping"/>
  <testcase name="test6" time="0.002" classname="com.test.Grouping"/>
  <testcase name="test7" time="0.001" classname="com.test.Grouping"/>
</testsuite> <!-- Default test -->
