<?xml version="1.0" encoding="UTF-8"?>
<!-- Generated by org.testng.reporters.JUnitXMLReporter -->
<testsuite hostname="LAPTOP-U1422VR9" name="@Test(priority=2)" tests="6" failures="0" timestamp="13 Aug 2023 03:56:31 GMT" time="0.032" errors="0">
  <testcase name="test6" time="0.003" classname="com.test.TestNGprogram"/>
  <testcase name="test2" time="0.002" classname="com.test.TestNGprogram"/>
  <testcase name="test1" time="0.002" classname="com.test.TestNGprogram"/>
  <testcase name="test3" time="0.002" classname="com.test.TestNGprogram"/>
  <testcase name="test5" time="0.002" classname="com.test.TestNGprogram"/>
  <testcase name="test4" time="0.002" classname="com.test.TestNGprogram"/>
</testsuite> <!-- @Test(priority=2) -->
