<?xml version="1.0" encoding="UTF-8"?>
<!-- Generated by org.testng.reporters.JUnitXMLReporter -->
<testsuite hostname="LAPTOP-U1422VR9" name="test1" tests="1" failures="1" timestamp="13 Aug 2023 09:28:48 GMT" time="0.008" errors="0">
  <testcase name="test1" time="0.0" classname="com.test.DataProvideTrail">
    <failure type="org.testng.TestNGException" message="
Data Provider private java.lang.Object com.test.DataProvideTrail.test1() must return either Object[][] or Iterator&amp;lt;Object&amp;gt;[], not class java.lang.Object">
      <![CDATA[org.testng.TestNGException: 
Data Provider private java.lang.Object com.test.DataProvideTrail.test1() must return either Object[][] or Iterator<Object>[], not class java.lang.Object
... Removed 22 stack frames]]>
    </failure>
  </testcase> <!-- test1 -->
</testsuite> <!-- test1 -->
