<?xml version="1.0" encoding="UTF-8"?>
<!-- Generated by org.testng.reporters.JUnitXMLReporter -->
<testsuite hostname="LAPTOP-U1422VR9" name="Test" tests="12" failures="0" timestamp="13 Aug 2023 03:48:52 GMT" time="27.595" errors="0">
  <testcase name="test1" time="0.02" classname="com.test.TestTrail"/>
  <testcase name="test2" time="0.003" classname="com.test.TestTrail"/>
  <testcase name="test3" time="0.0" classname="com.test.TestTrail"/>
  <testcase name="test4" time="0.0" classname="com.test.TestTrail"/>
  <testcase name="test5" time="0.01" classname="com.test.TestTrail"/>
  <testcase name="test6" time="0.007" classname="com.test.TestTrail"/>
  <testcase name="test1" time="8.613" classname="com.test.ParellelMethod"/>
  <testcase name="test2" time="5.884" classname="com.test.ParellelMethod"/>
  <testcase name="test3" time="13.019" classname="com.test.ParellelMethod"/>
  <testcase name="test4" time="0.004" classname="com.test.ParellelMethod"/>
  <testcase name="test5" time="0.005" classname="com.test.ParellelMethod"/>
  <testcase name="test6" time="0.012" classname="com.test.ParellelMethod"/>
</testsuite> <!-- Test -->
