<?xml version="1.0" encoding="UTF-8"?>
<!-- Generated by org.testng.reporters.JUnitXMLReporter -->
<testsuite hostname="LAPTOP-U1422VR9" name="test3" tests="6" failures="0" timestamp="13 Aug 2023 03:56:32 GMT" time="0.024" errors="0">
  <testcase name="test1" time="0.001" classname="com.test.TestTrail"/>
  <testcase name="test2" time="0.001" classname="com.test.TestTrail"/>
  <testcase name="test3" time="0.001" classname="com.test.TestTrail"/>
  <testcase name="test4" time="0.001" classname="com.test.TestTrail"/>
  <testcase name="test5" time="0.001" classname="com.test.TestTrail"/>
  <testcase name="test6" time="0.002" classname="com.test.TestTrail"/>
</testsuite> <!-- test3 -->
