<?xml version="1.0" encoding="UTF-8"?>
<testng-results skipped="0" failed="0" total="7" passed="7">
  <reporter-output>
  </reporter-output>
  <suite name="Default suite" duration-ms="65" started-at="2023-11-29T06:34:02Z" finished-at="2023-11-29T06:34:02Z">
    <groups>
      <group name="regression">
        <method signature="Grouping.test4()[pri:0, instance:com.test.Grouping@7e0b0338]" name="test4" class="com.test.Grouping"/>
        <method signature="Grouping.test5()[pri:0, instance:com.test.Grouping@7e0b0338]" name="test5" class="com.test.Grouping"/>
        <method signature="Grouping.test7()[pri:0, instance:com.test.Grouping@7e0b0338]" name="test7" class="com.test.Grouping"/>
      </group> <!-- regression -->
      <group name="smoke">
        <method signature="Grouping.test2()[pri:0, instance:com.test.Grouping@7e0b0338]" name="test2" class="com.test.Grouping"/>
        <method signature="Grouping.test3()[pri:0, instance:com.test.Grouping@7e0b0338]" name="test3" class="com.test.Grouping"/>
      </group> <!-- smoke -->
      <group name="sanity">
        <method signature="Grouping.test1()[pri:0, instance:com.test.Grouping@7e0b0338]" name="test1" class="com.test.Grouping"/>
        <method signature="Grouping.test6()[pri:0, instance:com.test.Grouping@7e0b0338]" name="test6" class="com.test.Grouping"/>
      </group> <!-- sanity -->
    </groups>
    <test name="Default test" duration-ms="65" started-at="2023-11-29T06:34:02Z" finished-at="2023-11-29T06:34:02Z">
      <class name="com.test.Grouping">
        <test-method status="PASS" signature="test1()[pri:0, instance:com.test.Grouping@7e0b0338]" name="test1" duration-ms="14" started-at="2023-11-29T12:04:02Z" finished-at="2023-11-29T12:04:02Z">
          <reporter-output>
          </reporter-output>
        </test-method> <!-- test1 -->
        <test-method status="PASS" signature="test2()[pri:0, instance:com.test.Grouping@7e0b0338]" name="test2" duration-ms="2" started-at="2023-11-29T12:04:02Z" finished-at="2023-11-29T12:04:02Z">
          <reporter-output>
          </reporter-output>
        </test-method> <!-- test2 -->
        <test-method status="PASS" signature="test3()[pri:0, instance:com.test.Grouping@7e0b0338]" name="test3" duration-ms="1" started-at="2023-11-29T12:04:02Z" finished-at="2023-11-29T12:04:02Z">
          <reporter-output>
          </reporter-output>
        </test-method> <!-- test3 -->
        <test-method status="PASS" signature="test4()[pri:0, instance:com.test.Grouping@7e0b0338]" name="test4" duration-ms="2" started-at="2023-11-29T12:04:02Z" finished-at="2023-11-29T12:04:02Z">
          <reporter-output>
          </reporter-output>
        </test-method> <!-- test4 -->
        <test-method status="PASS" signature="test5()[pri:0, instance:com.test.Grouping@7e0b0338]" name="test5" duration-ms="1" started-at="2023-11-29T12:04:02Z" finished-at="2023-11-29T12:04:02Z">
          <reporter-output>
          </reporter-output>
        </test-method> <!-- test5 -->
        <test-method status="PASS" signature="test6()[pri:0, instance:com.test.Grouping@7e0b0338]" name="test6" duration-ms="2" started-at="2023-11-29T12:04:02Z" finished-at="2023-11-29T12:04:02Z">
          <reporter-output>
          </reporter-output>
        </test-method> <!-- test6 -->
        <test-method status="PASS" signature="test7()[pri:0, instance:com.test.Grouping@7e0b0338]" name="test7" duration-ms="1" started-at="2023-11-29T12:04:02Z" finished-at="2023-11-29T12:04:02Z">
          <reporter-output>
          </reporter-output>
        </test-method> <!-- test7 -->
      </class> <!-- com.test.Grouping -->
    </test> <!-- Default test -->
  </suite> <!-- Default suite -->
</testng-results>
